<?xml version="1.0" encoding="UTF-8"?>
<!-- Generated by org.testng.reporters.JUnitXMLReporter -->
<testsuite ignored="0" hostname="LAPTOP-5K9H8Q3R" failures="1" tests="7" name="Test" time="196.251" errors="0" timestamp="29 Aug 2020 08:27:25 GMT">
  <testcase classname="com.Solutions.assignment.TransportPDFFirstLine" name="readFirstLineStatementPDF" time="2.497"/>
  <testcase classname="com.Solutions.assignment.Map_rectified" name="outPutPrinter" time="0.587">
    <failure type="java.lang.NullPointerException">
      <![CDATA[java.lang.NullPointerException
	at com.Solutions.assignment.HashmapReturn.<init>(HashmapReturn.java:28)
	at com.Solutions.assignment.Map_rectified.outPutPrinter(Map_rectified.java:114)
	at java.base/java.util.concurrent.ThreadPoolExecutor.runWorker(ThreadPoolExecutor.java:1128)
	at java.base/java.util.concurrent.ThreadPoolExecutor$Worker.run(ThreadPoolExecutor.java:628)
	at java.base/java.lang.Thread.run(Thread.java:830)
... Removed 10 stack frames]]>
    </failure>
  </testcase> <!-- outPutPrinter -->
  <testcase classname="com.Solutions.assignment.PDFReaderTest" name="pdfReadRunner" time="3.482"/>
  <testcase classname="com.Solutions.assignment.ActiveLicenseTest" name="readActiveLicensePDF" time="3.916"/>
  <testcase classname="com.Solutions.assignment.LeadsTest" name="readLeadsExcelFile" time="4.649"/>
  <testcase classname="com.Solutions.assignment.RestAPITest" name="getEndPointData" time="21.787"/>
  <testcase classname="com.Solutions.assignment.Map_rectified" name="primaryExecutor" time="191.84"/>
</testsuite> <!-- Test -->
