<?xml version="1.0" encoding="UTF-8"?>
<!-- Generated by org.testng.reporters.JUnitXMLReporter -->
<testsuite ignored="0" hostname="LAPTOP-5K9H8Q3R" failures="0" tests="6" name="Test" time="94.41" errors="0" timestamp="24 Aug 2020 17:01:41 GMT">
  <testcase classname="com.Solutions.assignment.TransportPDFFirstLine" name="readFirstLineStatementPDF" time="4.08"/>
  <testcase classname="com.Solutions.assignment.PDFReaderTest" name="pdfReadRunner" time="4.531"/>
  <testcase classname="com.Solutions.assignment.ActiveLicenseTest" name="readActiveLicensePDF" time="5.065"/>
  <testcase classname="com.Solutions.assignment.LeadsTest" name="readLeadsExcelFile" time="6.397"/>
  <testcase classname="com.Solutions.assignment.RestAPITest" name="getEndPointData" time="19.24"/>
  <testcase classname="com.Solutions.assignment.Map_rectified" name="primaryExecutor" time="90.161"/>
</testsuite> <!-- Test -->
